<html>
<head>
<title>TestNG:  Test</title>
<link href="../testng.css" rel="stylesheet" type="text/css" />
<link href="../my-testng.css" rel="stylesheet" type="text/css" />

<style type="text/css">
.log { display: none;} 
.stack-trace { display: none;} 
</style>
<script type="text/javascript">
<!--
function flip(e) {
  current = e.style.display;
  if (current == 'block') {
    e.style.display = 'none';
    return 0;
  }
  else {
    e.style.display = 'block';
    return 1;
  }
}

function toggleBox(szDivId, elem, msg1, msg2)
{
  var res = -1;  if (document.getElementById) {
    res = flip(document.getElementById(szDivId));
  }
  else if (document.all) {
    // this is the way old msie versions work
    res = flip(document.all[szDivId]);
  }
  if(elem) {
    if(res == 0) elem.innerHTML = msg1; else elem.innerHTML = msg2;
  }

}

function toggleAllBoxes() {
  if (document.getElementsByTagName) {
    d = document.getElementsByTagName('div');
    for (i = 0; i < d.length; i++) {
      if (d[i].className == 'log') {
        flip(d[i]);
      }
    }
  }
}

// -->
</script>

</head>
<body>
<h2 align='center'>Test</h2><table border='1' align="center">
<tr>
<td>Tests passed/Failed/Skipped:</td><td>0/0/9</td>
</tr><tr>
<td>Started on:</td><td>Wed Jan 11 17:45:21 IST 2017</td>
</tr>
<tr><td>Total time:</td><td>2 seconds (2552 ms)</td>
</tr><tr>
<td>Included groups:</td><td></td>
</tr><tr>
<td>Excluded groups:</td><td></td>
</tr>
</table><p/>
<small><i>(Hover the method name to see the test class name)</i></small><p/>
<table width='100%' border='1' class='invocation-failed'>
<tr><td colspan='4' align='center'><b>FAILED CONFIGURATIONS</b></td></tr>
<tr><td><b>Test method</b></td>
<td width="30%"><b>Exception</b></td>
<td width="10%"><b>Time (seconds)</b></td>
<td><b>Instance</b></td>
</tr>
<tr>
<td title='com.in.testScripts.DeliveryEstimationClass.launch_App()'><b>launch_App</b><br>Test class: com.in.testScripts.DeliveryEstimationClass<br>Parameters: chrome, [Ljava.lang.Object;@753432a2</td>
<td><div><pre>org.openqa.selenium.WebDriverException: The driver executable does not exist: F:\E\LeEco\Softwares\SeleniumServer\?F:\E\LeEco\Softwares\Chrome\chromedriver.exe
Command duration or timeout: 728 milliseconds
Build info: version: &apos;2.53.1&apos;, revision: &apos;a36b8b1cd5757287168e54b817830adce9b0158d&apos;, time: &apos;2016-06-30 19:26:09&apos;
System info: host: &apos;LEBLRCND53434KR&apos;, ip: &apos;10.78.132.157&apos;, os.name: &apos;Windows 10&apos;, os.arch: &apos;amd64&apos;, os.version: &apos;10.0&apos;, java.version: &apos;1.8.0_111&apos;
Driver info: org.openqa.selenium.remote.RemoteWebDriver
	at org.openqa.selenium.remote.ErrorHandler.createThrowable(ErrorHandler.java:206)
	at org.openqa.selenium.remote.ErrorHandler.throwIfResponseFailed(ErrorHandler.java:158)
	at org.openqa.selenium.remote.RemoteWebDriver.execute(RemoteWebDriver.java:678)
	at org.openqa.selenium.remote.RemoteWebDriver.startSession(RemoteWebDriver.java:249)
	at org.openqa.selenium.remote.RemoteWebDriver.&lt;init&gt;(RemoteWebDriver.java:131)
	at org.openqa.selenium.remote.RemoteWebDriver.&lt;init&gt;(RemoteWebDriver.java:158)
	at com.genericLibraries.BrowserHandler.getDriver(BrowserHandler.java:100)
	at com.genericLibraries.BaseClass.launch_App(BaseClass.java:101)
Caused by: java.lang.IllegalStateException: The driver executable does not exist: F:\E\LeEco\Softwares\SeleniumServer\?F:\E\LeEco\Softwares\Chrome\chromedriver.exe
	at com.google.common.base.Preconditions.checkState(Preconditions.java:199)
	at org.openqa.selenium.remote.service.DriverService.checkExecutable(DriverService.java:121)
	at org.openqa.selenium.remote.service.DriverService.findExecutable(DriverService.java:116)
	at org.openqa.selenium.chrome.ChromeDriverService.access$0(ChromeDriverService.java:1)
	at org.openqa.selenium.chrome.ChromeDriverService$Builder.findDefaultExecutable(ChromeDriverService.java:137)
	at org.openqa.selenium.remote.service.DriverService$Builder.build(DriverService.java:296)
	at org.openqa.selenium.chrome.ChromeDriverService.createDefaultService(ChromeDriverService.java:88)
	at org.openqa.selenium.chrome.ChromeDriver.&lt;init&gt;(ChromeDriver.java:138)
	at org.openqa.selenium.remote.server.DefaultDriverProvider.callConstructor(DefaultDriverProvider.java:103)
	at org.openqa.selenium.remote.server.DefaultDriverProvider.newInstance(DefaultDriverProvider.java:97)
	at org.openqa.selenium.remote.server.DefaultDriverFactory.newInstance(DefaultDriverFactory.java:60)
	at org.openqa.selenium.remote.server.DefaultSession$BrowserCreator.call(DefaultSession.java:222)
	at org.openqa.selenium.remote.server.DefaultSession$BrowserCreator.call(DefaultSession.java:1)
	at java.util.concurrent.FutureTask.run(Unknown Source)
	at org.openqa.selenium.remote.server.DefaultSession$1.run(DefaultSession.java:176)
	at java.util.concurrent.ThreadPoolExecutor.runWorker(Unknown Source)
	at java.util.concurrent.ThreadPoolExecutor$Worker.run(Unknown Source)
	at java.lang.Thread.run(Unknown Source)
... Removed 34 stack frames</pre></div><a href='#' onClick='toggleBox("stack-trace1161148117", this, "Click to show all stack frames", "Click to hide stack frames")'>Click to show all stack frames</a>
<div class='stack-trace' id='stack-trace1161148117'><pre>org.openqa.selenium.WebDriverException: The driver executable does not exist: F:\E\LeEco\Softwares\SeleniumServer\?F:\E\LeEco\Softwares\Chrome\chromedriver.exe
Command duration or timeout: 728 milliseconds
Build info: version: &apos;2.53.1&apos;, revision: &apos;a36b8b1cd5757287168e54b817830adce9b0158d&apos;, time: &apos;2016-06-30 19:26:09&apos;
System info: host: &apos;LEBLRCND53434KR&apos;, ip: &apos;10.78.132.157&apos;, os.name: &apos;Windows 10&apos;, os.arch: &apos;amd64&apos;, os.version: &apos;10.0&apos;, java.version: &apos;1.8.0_111&apos;
Driver info: org.openqa.selenium.remote.RemoteWebDriver
	at sun.reflect.NativeConstructorAccessorImpl.newInstance0(Native Method)
	at sun.reflect.NativeConstructorAccessorImpl.newInstance(NativeConstructorAccessorImpl.java:62)
	at sun.reflect.DelegatingConstructorAccessorImpl.newInstance(DelegatingConstructorAccessorImpl.java:45)
	at java.lang.reflect.Constructor.newInstance(Constructor.java:423)
	at org.openqa.selenium.remote.ErrorHandler.createThrowable(ErrorHandler.java:206)
	at org.openqa.selenium.remote.ErrorHandler.throwIfResponseFailed(ErrorHandler.java:158)
	at org.openqa.selenium.remote.RemoteWebDriver.execute(RemoteWebDriver.java:678)
	at org.openqa.selenium.remote.RemoteWebDriver.startSession(RemoteWebDriver.java:249)
	at org.openqa.selenium.remote.RemoteWebDriver.&lt;init&gt;(RemoteWebDriver.java:131)
	at org.openqa.selenium.remote.RemoteWebDriver.&lt;init&gt;(RemoteWebDriver.java:158)
	at com.genericLibraries.BrowserHandler.getDriver(BrowserHandler.java:100)
	at com.genericLibraries.BaseClass.launch_App(BaseClass.java:101)
	at sun.reflect.NativeMethodAccessorImpl.invoke0(Native Method)
	at sun.reflect.NativeMethodAccessorImpl.invoke(NativeMethodAccessorImpl.java:62)
	at sun.reflect.DelegatingMethodAccessorImpl.invoke(DelegatingMethodAccessorImpl.java:43)
	at java.lang.reflect.Method.invoke(Method.java:498)
	at org.testng.internal.MethodInvocationHelper.invokeMethod(MethodInvocationHelper.java:85)
	at org.testng.internal.Invoker.invokeConfigurationMethod(Invoker.java:510)
	at org.testng.internal.Invoker.invokeConfigurations(Invoker.java:211)
	at org.testng.internal.Invoker.invokeMethod(Invoker.java:585)
	at org.testng.internal.Invoker.invokeTestMethod(Invoker.java:816)
	at org.testng.internal.Invoker.invokeTestMethods(Invoker.java:1124)
	at org.testng.internal.TestMethodWorker.invokeTestMethods(TestMethodWorker.java:125)
	at org.testng.internal.TestMethodWorker.run(TestMethodWorker.java:108)
	at org.testng.TestRunner.privateRun(TestRunner.java:774)
	at org.testng.TestRunner.run(TestRunner.java:624)
	at org.testng.SuiteRunner.runTest(SuiteRunner.java:359)
	at org.testng.SuiteRunner.runSequentially(SuiteRunner.java:354)
	at org.testng.SuiteRunner.privateRun(SuiteRunner.java:312)
	at org.testng.SuiteRunner.run(SuiteRunner.java:261)
	at org.testng.SuiteRunnerWorker.runSuite(SuiteRunnerWorker.java:52)
	at org.testng.SuiteRunnerWorker.run(SuiteRunnerWorker.java:86)
	at org.testng.TestNG.runSuitesSequentially(TestNG.java:1215)
	at org.testng.TestNG.runSuitesLocally(TestNG.java:1140)
	at org.testng.TestNG.run(TestNG.java:1048)
	at org.testng.remote.AbstractRemoteTestNG.run(AbstractRemoteTestNG.java:132)
	at org.testng.remote.RemoteTestNG.initAndRun(RemoteTestNG.java:236)
	at org.testng.remote.RemoteTestNG.main(RemoteTestNG.java:81)
Caused by: java.lang.IllegalStateException: The driver executable does not exist: F:\E\LeEco\Softwares\SeleniumServer\?F:\E\LeEco\Softwares\Chrome\chromedriver.exe
	at com.google.common.base.Preconditions.checkState(Preconditions.java:199)
	at org.openqa.selenium.remote.service.DriverService.checkExecutable(DriverService.java:121)
	at org.openqa.selenium.remote.service.DriverService.findExecutable(DriverService.java:116)
	at org.openqa.selenium.chrome.ChromeDriverService.access$0(ChromeDriverService.java:1)
	at org.openqa.selenium.chrome.ChromeDriverService$Builder.findDefaultExecutable(ChromeDriverService.java:137)
	at org.openqa.selenium.remote.service.DriverService$Builder.build(DriverService.java:296)
	at org.openqa.selenium.chrome.ChromeDriverService.createDefaultService(ChromeDriverService.java:88)
	at org.openqa.selenium.chrome.ChromeDriver.&lt;init&gt;(ChromeDriver.java:138)
	at sun.reflect.NativeConstructorAccessorImpl.newInstance0(Native Method)
	at sun.reflect.NativeConstructorAccessorImpl.newInstance(Unknown Source)
	at sun.reflect.DelegatingConstructorAccessorImpl.newInstance(Unknown Source)
	at java.lang.reflect.Constructor.newInstance(Unknown Source)
	at org.openqa.selenium.remote.server.DefaultDriverProvider.callConstructor(DefaultDriverProvider.java:103)
	at org.openqa.selenium.remote.server.DefaultDriverProvider.newInstance(DefaultDriverProvider.java:97)
	at org.openqa.selenium.remote.server.DefaultDriverFactory.newInstance(DefaultDriverFactory.java:60)
	at org.openqa.selenium.remote.server.DefaultSession$BrowserCreator.call(DefaultSession.java:222)
	at org.openqa.selenium.remote.server.DefaultSession$BrowserCreator.call(DefaultSession.java:1)
	at java.util.concurrent.FutureTask.run(Unknown Source)
	at org.openqa.selenium.remote.server.DefaultSession$1.run(DefaultSession.java:176)
	at java.util.concurrent.ThreadPoolExecutor.runWorker(Unknown Source)
	at java.util.concurrent.ThreadPoolExecutor$Worker.run(Unknown Source)
	at java.lang.Thread.run(Unknown Source)
</pre></div></td>
<td>0</td>
<td>com.in.testScripts.DeliveryEstimationClass@490ab905</td></tr>
</table><p>
<table width='100%' border='1' class='invocation-skipped'>
<tr><td colspan='4' align='center'><b>SKIPPED CONFIGURATIONS</b></td></tr>
<tr><td><b>Test method</b></td>
<td width="30%"><b>Exception</b></td>
<td width="10%"><b>Time (seconds)</b></td>
<td><b>Instance</b></td>
</tr>
<tr>
<td title='com.in.testScripts.DeliveryEstimationClass.launch_App()'><b>launch_App</b><br>Test class: com.in.testScripts.DeliveryEstimationClass</td>
<td></td>
<td>0</td>
<td>com.in.testScripts.DeliveryEstimationClass@490ab905</td></tr>
<tr>
<td title='com.in.testScripts.DeliveryEstimationClass.launch_App()'><b>launch_App</b><br>Test class: com.in.testScripts.DeliveryEstimationClass</td>
<td></td>
<td>0</td>
<td>com.in.testScripts.DeliveryEstimationClass@490ab905</td></tr>
<tr>
<td title='com.in.testScripts.DeliveryEstimationClass.launch_App()'><b>launch_App</b><br>Test class: com.in.testScripts.DeliveryEstimationClass</td>
<td></td>
<td>0</td>
<td>com.in.testScripts.DeliveryEstimationClass@490ab905</td></tr>
<tr>
<td title='com.in.testScripts.DeliveryEstimationClass.launch_App()'><b>launch_App</b><br>Test class: com.in.testScripts.DeliveryEstimationClass</td>
<td></td>
<td>0</td>
<td>com.in.testScripts.DeliveryEstimationClass@490ab905</td></tr>
<tr>
<td title='com.in.testScripts.AddressScenario.launch_App()'><b>launch_App</b><br>Test class: com.in.testScripts.AddressScenario</td>
<td></td>
<td>0</td>
<td>com.in.testScripts.AddressScenario@56ac3a89</td></tr>
<tr>
<td title='com.in.testScripts.AddressScenario.launch_App()'><b>launch_App</b><br>Test class: com.in.testScripts.AddressScenario</td>
<td></td>
<td>0</td>
<td>com.in.testScripts.AddressScenario@56ac3a89</td></tr>
<tr>
<td title='com.in.testScripts.AddressScenario.launch_App()'><b>launch_App</b><br>Test class: com.in.testScripts.AddressScenario</td>
<td></td>
<td>0</td>
<td>com.in.testScripts.AddressScenario@56ac3a89</td></tr>
<tr>
<td title='com.in.testScripts.AddressScenario.launch_App()'><b>launch_App</b><br>Test class: com.in.testScripts.AddressScenario</td>
<td></td>
<td>0</td>
<td>com.in.testScripts.AddressScenario@56ac3a89</td></tr>
<tr>
<td title='com.in.testScripts.DeliveryEstimationClass.afterMethod()'><b>afterMethod</b><br>Test class: com.in.testScripts.DeliveryEstimationClass</td>
<td></td>
<td>0</td>
<td>com.in.testScripts.DeliveryEstimationClass@490ab905</td></tr>
<tr>
<td title='com.in.testScripts.DeliveryEstimationClass.afterMethod()'><b>afterMethod</b><br>Test class: com.in.testScripts.DeliveryEstimationClass</td>
<td></td>
<td>0</td>
<td>com.in.testScripts.DeliveryEstimationClass@490ab905</td></tr>
<tr>
<td title='com.in.testScripts.DeliveryEstimationClass.afterMethod()'><b>afterMethod</b><br>Test class: com.in.testScripts.DeliveryEstimationClass</td>
<td></td>
<td>0</td>
<td>com.in.testScripts.DeliveryEstimationClass@490ab905</td></tr>
<tr>
<td title='com.in.testScripts.DeliveryEstimationClass.afterMethod()'><b>afterMethod</b><br>Test class: com.in.testScripts.DeliveryEstimationClass</td>
<td></td>
<td>0</td>
<td>com.in.testScripts.DeliveryEstimationClass@490ab905</td></tr>
<tr>
<td title='com.in.testScripts.DeliveryEstimationClass.afterMethod()'><b>afterMethod</b><br>Test class: com.in.testScripts.DeliveryEstimationClass</td>
<td></td>
<td>0</td>
<td>com.in.testScripts.DeliveryEstimationClass@490ab905</td></tr>
<tr>
<td title='com.in.testScripts.AddressScenario.afterMethod()'><b>afterMethod</b><br>Test class: com.in.testScripts.AddressScenario</td>
<td></td>
<td>0</td>
<td>com.in.testScripts.AddressScenario@56ac3a89</td></tr>
<tr>
<td title='com.in.testScripts.AddressScenario.afterMethod()'><b>afterMethod</b><br>Test class: com.in.testScripts.AddressScenario</td>
<td></td>
<td>0</td>
<td>com.in.testScripts.AddressScenario@56ac3a89</td></tr>
<tr>
<td title='com.in.testScripts.AddressScenario.afterMethod()'><b>afterMethod</b><br>Test class: com.in.testScripts.AddressScenario</td>
<td></td>
<td>0</td>
<td>com.in.testScripts.AddressScenario@56ac3a89</td></tr>
<tr>
<td title='com.in.testScripts.AddressScenario.afterMethod()'><b>afterMethod</b><br>Test class: com.in.testScripts.AddressScenario</td>
<td></td>
<td>0</td>
<td>com.in.testScripts.AddressScenario@56ac3a89</td></tr>
</table><p>
<table width='100%' border='1' class='invocation-skipped'>
<tr><td colspan='4' align='center'><b>SKIPPED TESTS</b></td></tr>
<tr><td><b>Test method</b></td>
<td width="30%"><b>Exception</b></td>
<td width="10%"><b>Time (seconds)</b></td>
<td><b>Instance</b></td>
</tr>
<tr>
<td title='com.in.testScripts.AddressScenario.addNewAddressInCheckOutPage()'><b>addNewAddressInCheckOutPage</b><br>Test class: com.in.testScripts.AddressScenario<br>Parameters: {UserName=Leecotestemail@gmail.com, AccountID=Leecotestemail, Email=aaryaden@le.com, TestScenario=Add_New_Address_In_CheckOutPage, AddressLine=2nd main, RunStatus=Y, Product=Accessories, Run=1, TestDescription=This test is to add new address in the  checkout page, StockStatus=InStock,  Mobilenumber=8095677755, TC_ID=TC_03, Functionality=addNewAddressInCheckOutPage, FullName=Test_Order11, AddressAlias=home, ProductItem=LeEco Le 2 Anti-Blue Light Screen Protector, Pincode=560038, Password=Qwerty2305}</td>
<td></td>
<td>0</td>
<td>com.in.testScripts.AddressScenario@56ac3a89</td></tr>
<tr>
<td title='com.in.testScripts.AddressScenario.addNewAddressInMyOrders()'><b>addNewAddressInMyOrders</b><br>Test class: com.in.testScripts.AddressScenario<br>Parameters: {UserName=Leecotestemail@gmail.com, AccountID=Leecotestemail, Email=aaryaden@le.com, TestScenario=Add_New_Address_In_MyOrderPage, AddressLine=2nd main, RunStatus=Y, Product=Accessories, Run=1, TestDescription=This test is to add new address in the  My Order page, StockStatus=InStock,  Mobilenumber=8095677755, TC_ID=TC_05, Functionality=addNewAddressInMyOrders, FullName=Test_Order11, AddressAlias=home, ProductItem=LeEco Le 2 Anti-Blue Light Screen Protector, Pincode=560038, Password=Qwerty2305}</td>
<td></td>
<td>0</td>
<td>com.in.testScripts.AddressScenario@56ac3a89</td></tr>
<tr>
<td title='com.in.testScripts.AddressScenario.deleteAddressInMyOrders()'><b>deleteAddressInMyOrders</b><br>Test class: com.in.testScripts.AddressScenario<br>Parameters: {UserName=Leecotestemail@gmail.com, AccountID=Leecotestemail, Email=, TestScenario=Delete_All_Address, AddressLine=, RunStatus=Y, Product=Accessories, Run=1, TestDescription=This test is to delete all the address, StockStatus=InStock,  Mobilenumber=, TC_ID=TC_06, Functionality=deleteAddressInMyOrders, FullName=, AddressAlias=, ProductItem=LeEco Le 2 Anti-Blue Light Screen Protector, Pincode=, Password=Qwerty2305}</td>
<td></td>
<td>0</td>
<td>com.in.testScripts.AddressScenario@56ac3a89</td></tr>
<tr>
<td title='com.in.testScripts.DeliveryEstimationClass.deliveryEstimationChangePincode()'><b>deliveryEstimationChangePincode</b><br>Test class: com.in.testScripts.DeliveryEstimationClass<br>Parameters: {UserName=Leecotestemail@gmail.com, AccountID=Leecotestemail, TestScenario=Delivery_Estimation_check_Change_Pincode, RunStatus=Y, Product=TV, Quantity=, Run=1, TestDescription=This test is to validate the Delivery estimation message when valid pincode is given, StockStatus=InStock, TC_ID=TC_14, Functionality=deliveryEstimationChangePincode, ChangePincode=560100, ProductItem=Super3 X55, Pincode=123456, Password=Qwerty2305}</td>
<td></td>
<td>0</td>
<td>com.in.testScripts.DeliveryEstimationClass@490ab905</td></tr>
<tr>
<td title='com.in.testScripts.DeliveryEstimationClass.deliveryEstimationChangePincode()'><b>deliveryEstimationChangePincode</b><br>Test class: com.in.testScripts.DeliveryEstimationClass<br>Parameters: {UserName=Leecotestemail@gmail.com, AccountID=Leecotestemail, TestScenario=Delivery_Estimation_check_Change_Pincode, RunStatus=Y, Product=TV, Quantity=, Run=2, TestDescription=This test is to validate the Delivery estimation message when valid pincode is given, StockStatus=InStock, TC_ID=TC_14, Functionality=deliveryEstimationChangePincode, ChangePincode=654321, ProductItem=Super3 X55, Pincode=123456, Password=Qwerty2305}</td>
<td></td>
<td>0</td>
<td>com.in.testScripts.DeliveryEstimationClass@490ab905</td></tr>
<tr>
<td title='com.in.testScripts.DeliveryEstimationClass.deliveryEstimationPincode()'><b>deliveryEstimationPincode</b><br>Test class: com.in.testScripts.DeliveryEstimationClass<br>Parameters: {UserName=Leecotestemail@gmail.com, AccountID=Leecotestemail, TestScenario=Delivery_Estimation_check_Valid&Invalid_Pincode, RunStatus=Y, Product=TV, Quantity=, Run=1, TestDescription=This test is to validate the Delivery estimation message when valid and invalid pincode is given, StockStatus=InStock, TC_ID=TC_13, Functionality=deliveryEstimationPincode, ChangePincode=, ProductItem=Super3 X55, Pincode=560100, Password=Qwerty2305}</td>
<td></td>
<td>0</td>
<td>com.in.testScripts.DeliveryEstimationClass@490ab905</td></tr>
<tr>
<td title='com.in.testScripts.DeliveryEstimationClass.deliveryEstimationPincode()'><b>deliveryEstimationPincode</b><br>Test class: com.in.testScripts.DeliveryEstimationClass<br>Parameters: {UserName=Leecotestemail@gmail.com, AccountID=Leecotestemail, TestScenario=Delivery_Estimation_check_Valid&Invalid_Pincode, RunStatus=Y, Product=TV, Quantity=, Run=2, TestDescription=This test is to validate the Delivery estimation message when valid pincode is given, StockStatus=InStock, TC_ID=TC_13, Functionality=deliveryEstimationPincode, ChangePincode=, ProductItem=Super3 X55, Pincode=123456, Password=Qwerty2305}</td>
<td></td>
<td>0</td>
<td>com.in.testScripts.DeliveryEstimationClass@490ab905</td></tr>
<tr>
<td title='com.in.testScripts.DeliveryEstimationClass.deliveryEstimationPincode()'><b>deliveryEstimationPincode</b><br>Test class: com.in.testScripts.DeliveryEstimationClass<br>Parameters: {UserName=Leecotestemail@gmail.com, AccountID=Leecotestemail, TestScenario=Delivery_Estimation_check_Valid&Invalid_Pincode, RunStatus=Y, Product=TV, Quantity=, Run=3, TestDescription=This test is to validate the Delivery estimation message when valid pincode is given, StockStatus=InStock, TC_ID=TC_13, Functionality=deliveryEstimationPincode, ChangePincode=, ProductItem=Super3 X55, Pincode=1234, Password=Qwerty2305}</td>
<td></td>
<td>0</td>
<td>com.in.testScripts.DeliveryEstimationClass@490ab905</td></tr>
<tr>
<td title='com.in.testScripts.AddressScenario.editAddressInCheckOutPage()'><b>editAddressInCheckOutPage</b><br>Test class: com.in.testScripts.AddressScenario<br>Parameters: {UserName=Leecotestemail@gmail.com, AccountID=Leecotestemail, Email=aaryaden@le.com, TestScenario=Edit_Existing_Address_In_CheckOut_Page, AddressLine=2nd main, RunStatus=Y, Product=Accessories, Run=1, TestDescription=This test is to edit the existing address checkout page, StockStatus=InStock,  Mobilenumber=8095677755, TC_ID=TC_04, Functionality=editAddressInCheckOutPage, FullName=Test_Order11, AddressAlias=home, ProductItem=LeEco Le 2 Anti-Blue Light Screen Protector, Pincode=560038, Password=Qwerty2305}</td>
<td></td>
<td>0</td>
<td>com.in.testScripts.AddressScenario@56ac3a89</td></tr>
</table><p>
</body>
</html>