<!DOCTYPE html PUBLIC "-//W3C//DTD XHTML 1.1//EN" "http://www.w3.org/TR/xhtml11/DTD/xhtml11.dtd">
<html xmlns="http://www.w3.org/1999/xhtml"><head><title>TestNG Report</title><style type="text/css">table {margin-bottom:10px;border-collapse:collapse;empty-cells:show}th,td {border:1px solid #009;padding:.25em .5em}th {vertical-align:bottom}td {vertical-align:top}table a {font-weight:bold}.stripe td {background-color: #E6EBF9}.num {text-align:right}.passedodd td {background-color: #3F3}.passedeven td {background-color: #0A0}.skippedodd td {background-color: #DDD}.skippedeven td {background-color: #CCC}.failedodd td,.attn {background-color: #F33}.failedeven td,.stripe .attn {background-color: #D00}.stacktrace {white-space:pre;font-family:monospace}.totop {font-size:85%;text-align:center;border-bottom:2px solid #000}</style></head><body><table><tr><th>Test</th><th># Passed</th><th># Skipped</th><th># Failed</th><th>Time (ms)</th><th>Included Groups</th><th>Excluded Groups</th></tr><tr><th colspan="7">Suite</th></tr><tr><td><a href="#t0">Test</a></td><td class="num">0</td><td class="num attn">9</td><td class="num">0</td><td class="num">2,552</td><td></td><td></td></tr></table><table><thead><tr><th>Class</th><th>Method</th><th>Start</th><th>Time (ms)</th></tr></thead><tbody><tr><th colspan="4">Suite</th></tr></tbody><tbody id="t0"><tr><th colspan="4">Test &#8212; failed (configuration methods)</th></tr><tr class="failedeven"><td rowspan="1">com.in.testScripts.DeliveryEstimationClass</td><td><a href="#m0">launch_App</a></td><td rowspan="1">1484136922694</td><td rowspan="1">0</td></tr><tr><th colspan="4">Test &#8212; skipped (configuration methods)</th></tr><tr class="skippedeven"><td rowspan="8">com.in.testScripts.AddressScenario</td><td><a href="#m1">afterMethod</a></td><td rowspan="4">1484136924236</td><td rowspan="4">0</td></tr><tr class="skippedeven"><td><a href="#m2">afterMethod</a></td></tr><tr class="skippedeven"><td><a href="#m3">afterMethod</a></td></tr><tr class="skippedeven"><td><a href="#m4">afterMethod</a></td></tr><tr class="skippedeven"><td><a href="#m5">launch_App</a></td><td rowspan="4">1484136924520</td><td rowspan="4">0</td></tr><tr class="skippedeven"><td><a href="#m6">launch_App</a></td></tr><tr class="skippedeven"><td><a href="#m7">launch_App</a></td></tr><tr class="skippedeven"><td><a href="#m8">launch_App</a></td></tr><tr class="skippedodd"><td rowspan="10">com.in.testScripts.DeliveryEstimationClass</td><td><a href="#m9">afterMethod</a></td><td rowspan="5">1484136923903</td><td rowspan="5">0</td></tr><tr class="skippedodd"><td><a href="#m10">afterMethod</a></td></tr><tr class="skippedodd"><td><a href="#m11">afterMethod</a></td></tr><tr class="skippedodd"><td><a href="#m12">afterMethod</a></td></tr><tr class="skippedodd"><td><a href="#m13">afterMethod</a></td></tr><tr class="skippedodd"><td><a href="#m14">launch_App</a></td><td rowspan="4">1484136923899</td><td rowspan="4">0</td></tr><tr class="skippedodd"><td><a href="#m15">launch_App</a></td></tr><tr class="skippedodd"><td><a href="#m16">launch_App</a></td></tr><tr class="skippedodd"><td><a href="#m17">launch_App</a></td></tr><tr class="skippedodd"><td><a href="#m18">tearDownSuite</a></td><td rowspan="1">1484136924628</td><td rowspan="1">0</td></tr><tr><th colspan="4">Test &#8212; skipped</th></tr><tr class="skippedeven"><td rowspan="4">com.in.testScripts.AddressScenario</td><td><a href="#m19">addNewAddressInCheckOutPage</a></td><td rowspan="1">1484136924217</td><td rowspan="1">0</td></tr><tr class="skippedeven"><td><a href="#m20">addNewAddressInMyOrders</a></td><td rowspan="1">1484136924433</td><td rowspan="1">1</td></tr><tr class="skippedeven"><td><a href="#m21">deleteAddressInMyOrders</a></td><td rowspan="1">1484136924525</td><td rowspan="1">1</td></tr><tr class="skippedeven"><td><a href="#m22">editAddressInCheckOutPage</a></td><td rowspan="1">1484136924337</td><td rowspan="1">1</td></tr><tr class="skippedodd"><td rowspan="5">com.in.testScripts.DeliveryEstimationClass</td><td><a href="#m23">deliveryEstimationChangePincode</a></td><td rowspan="2">1484136924043</td><td rowspan="2">0</td></tr><tr class="skippedodd"><td><a href="#m24">deliveryEstimationChangePincode</a></td></tr><tr class="skippedodd"><td><a href="#m25">deliveryEstimationPincode</a></td><td rowspan="3">1484136923906</td><td rowspan="3">1</td></tr><tr class="skippedodd"><td><a href="#m26">deliveryEstimationPincode</a></td></tr><tr class="skippedodd"><td><a href="#m27">deliveryEstimationPincode</a></td></tr></tbody></table><h2>Test</h2><h3 id="m0">com.in.testScripts.DeliveryEstimationClass#launch_App</h3><table class="result"><tr class="param"><th>Parameter #1</th><th>Parameter #2</th></tr><tr class="param stripe"><td>chrome</td><td>[{UserName=Leecotestemail@gmail.com, AccountID=Leecotestemail, TestScenario=Delivery_Estimation_check_Valid&amp;Invalid_Pincode, RunStatus=Y, Product=TV, Quantity=, Run=1, TestDescription=This test is to validate the Delivery estimation message when valid and invalid pincode is given, StockStatus=InStock, TC_ID=TC_13, Functionality=deliveryEstimationPincode, ChangePincode=, ProductItem=Super3 X55, Pincode=560100, Password=Qwerty2305}]</td></tr><tr><th colspan="2">Exception</th></tr><tr><td colspan="2"><div class="stacktrace">org.openqa.selenium.WebDriverException: The driver executable does not exist: F:\E\LeEco\Softwares\SeleniumServer\?F:\E\LeEco\Softwares\Chrome\chromedriver.exe
Command duration or timeout: 728 milliseconds
Build info: version: &apos;2.53.1&apos;, revision: &apos;a36b8b1cd5757287168e54b817830adce9b0158d&apos;, time: &apos;2016-06-30 19:26:09&apos;
System info: host: &apos;LEBLRCND53434KR&apos;, ip: &apos;10.78.132.157&apos;, os.name: &apos;Windows 10&apos;, os.arch: &apos;amd64&apos;, os.version: &apos;10.0&apos;, java.version: &apos;1.8.0_111&apos;
Driver info: org.openqa.selenium.remote.RemoteWebDriver
	at org.openqa.selenium.remote.ErrorHandler.createThrowable(ErrorHandler.java:206)
	at org.openqa.selenium.remote.ErrorHandler.throwIfResponseFailed(ErrorHandler.java:158)
	at org.openqa.selenium.remote.RemoteWebDriver.execute(RemoteWebDriver.java:678)
	at org.openqa.selenium.remote.RemoteWebDriver.startSession(RemoteWebDriver.java:249)
	at org.openqa.selenium.remote.RemoteWebDriver.&lt;init&gt;(RemoteWebDriver.java:131)
	at org.openqa.selenium.remote.RemoteWebDriver.&lt;init&gt;(RemoteWebDriver.java:158)
	at com.genericLibraries.BrowserHandler.getDriver(BrowserHandler.java:100)
	at com.genericLibraries.BaseClass.launch_App(BaseClass.java:101)
Caused by: java.lang.IllegalStateException: The driver executable does not exist: F:\E\LeEco\Softwares\SeleniumServer\?F:\E\LeEco\Softwares\Chrome\chromedriver.exe
	at com.google.common.base.Preconditions.checkState(Preconditions.java:199)
	at org.openqa.selenium.remote.service.DriverService.checkExecutable(DriverService.java:121)
	at org.openqa.selenium.remote.service.DriverService.findExecutable(DriverService.java:116)
	at org.openqa.selenium.chrome.ChromeDriverService.access$0(ChromeDriverService.java:1)
	at org.openqa.selenium.chrome.ChromeDriverService$Builder.findDefaultExecutable(ChromeDriverService.java:137)
	at org.openqa.selenium.remote.service.DriverService$Builder.build(DriverService.java:296)
	at org.openqa.selenium.chrome.ChromeDriverService.createDefaultService(ChromeDriverService.java:88)
	at org.openqa.selenium.chrome.ChromeDriver.&lt;init&gt;(ChromeDriver.java:138)
	at org.openqa.selenium.remote.server.DefaultDriverProvider.callConstructor(DefaultDriverProvider.java:103)
	at org.openqa.selenium.remote.server.DefaultDriverProvider.newInstance(DefaultDriverProvider.java:97)
	at org.openqa.selenium.remote.server.DefaultDriverFactory.newInstance(DefaultDriverFactory.java:60)
	at org.openqa.selenium.remote.server.DefaultSession$BrowserCreator.call(DefaultSession.java:222)
	at org.openqa.selenium.remote.server.DefaultSession$BrowserCreator.call(DefaultSession.java:1)
	at java.util.concurrent.FutureTask.run(Unknown Source)
	at org.openqa.selenium.remote.server.DefaultSession$1.run(DefaultSession.java:176)
	at java.util.concurrent.ThreadPoolExecutor.runWorker(Unknown Source)
	at java.util.concurrent.ThreadPoolExecutor$Worker.run(Unknown Source)
	at java.lang.Thread.run(Unknown Source)
... Removed 34 stack frames</div></td></tr></table><p class="totop"><a href="#summary">back to summary</a></p><h3 id="m1">com.in.testScripts.AddressScenario#afterMethod</h3><table class="result"></table><p class="totop"><a href="#summary">back to summary</a></p><h3 id="m2">com.in.testScripts.AddressScenario#afterMethod</h3><table class="result"></table><p class="totop"><a href="#summary">back to summary</a></p><h3 id="m3">com.in.testScripts.AddressScenario#afterMethod</h3><table class="result"></table><p class="totop"><a href="#summary">back to summary</a></p><h3 id="m4">com.in.testScripts.AddressScenario#afterMethod</h3><table class="result"></table><p class="totop"><a href="#summary">back to summary</a></p><h3 id="m5">com.in.testScripts.AddressScenario#launch_App</h3><table class="result"></table><p class="totop"><a href="#summary">back to summary</a></p><h3 id="m6">com.in.testScripts.AddressScenario#launch_App</h3><table class="result"></table><p class="totop"><a href="#summary">back to summary</a></p><h3 id="m7">com.in.testScripts.AddressScenario#launch_App</h3><table class="result"></table><p class="totop"><a href="#summary">back to summary</a></p><h3 id="m8">com.in.testScripts.AddressScenario#launch_App</h3><table class="result"></table><p class="totop"><a href="#summary">back to summary</a></p><h3 id="m9">com.in.testScripts.DeliveryEstimationClass#afterMethod</h3><table class="result"></table><p class="totop"><a href="#summary">back to summary</a></p><h3 id="m10">com.in.testScripts.DeliveryEstimationClass#afterMethod</h3><table class="result"></table><p class="totop"><a href="#summary">back to summary</a></p><h3 id="m11">com.in.testScripts.DeliveryEstimationClass#afterMethod</h3><table class="result"></table><p class="totop"><a href="#summary">back to summary</a></p><h3 id="m12">com.in.testScripts.DeliveryEstimationClass#afterMethod</h3><table class="result"></table><p class="totop"><a href="#summary">back to summary</a></p><h3 id="m13">com.in.testScripts.DeliveryEstimationClass#afterMethod</h3><table class="result"></table><p class="totop"><a href="#summary">back to summary</a></p><h3 id="m14">com.in.testScripts.DeliveryEstimationClass#launch_App</h3><table class="result"></table><p class="totop"><a href="#summary">back to summary</a></p><h3 id="m15">com.in.testScripts.DeliveryEstimationClass#launch_App</h3><table class="result"></table><p class="totop"><a href="#summary">back to summary</a></p><h3 id="m16">com.in.testScripts.DeliveryEstimationClass#launch_App</h3><table class="result"></table><p class="totop"><a href="#summary">back to summary</a></p><h3 id="m17">com.in.testScripts.DeliveryEstimationClass#launch_App</h3><table class="result"></table><p class="totop"><a href="#summary">back to summary</a></p><h3 id="m18">com.in.testScripts.DeliveryEstimationClass#tearDownSuite</h3><table class="result"></table><p class="totop"><a href="#summary">back to summary</a></p><h3 id="m19">com.in.testScripts.AddressScenario#addNewAddressInCheckOutPage</h3><table class="result"><tr class="param"><th>Parameter #1</th></tr><tr class="param stripe"><td>{UserName=Leecotestemail@gmail.com, AccountID=Leecotestemail, Email=aaryaden@le.com, TestScenario=Add_New_Address_In_CheckOutPage, AddressLine=2nd main, RunStatus=Y, Product=Accessories, Run=1, TestDescription=This test is to add new address in the  checkout page, StockStatus=InStock,  Mobilenumber=8095677755, TC_ID=TC_03, Functionality=addNewAddressInCheckOutPage, FullName=Test_Order11, AddressAlias=home, ProductItem=LeEco Le 2 Anti-Blue Light Screen Protector, Pincode=560038, Password=Qwerty2305}</td></tr></table><p class="totop"><a href="#summary">back to summary</a></p><h3 id="m20">com.in.testScripts.AddressScenario#addNewAddressInMyOrders</h3><table class="result"><tr class="param"><th>Parameter #1</th></tr><tr class="param stripe"><td>{UserName=Leecotestemail@gmail.com, AccountID=Leecotestemail, Email=aaryaden@le.com, TestScenario=Add_New_Address_In_MyOrderPage, AddressLine=2nd main, RunStatus=Y, Product=Accessories, Run=1, TestDescription=This test is to add new address in the  My Order page, StockStatus=InStock,  Mobilenumber=8095677755, TC_ID=TC_05, Functionality=addNewAddressInMyOrders, FullName=Test_Order11, AddressAlias=home, ProductItem=LeEco Le 2 Anti-Blue Light Screen Protector, Pincode=560038, Password=Qwerty2305}</td></tr></table><p class="totop"><a href="#summary">back to summary</a></p><h3 id="m21">com.in.testScripts.AddressScenario#deleteAddressInMyOrders</h3><table class="result"><tr class="param"><th>Parameter #1</th></tr><tr class="param stripe"><td>{UserName=Leecotestemail@gmail.com, AccountID=Leecotestemail, Email=, TestScenario=Delete_All_Address, AddressLine=, RunStatus=Y, Product=Accessories, Run=1, TestDescription=This test is to delete all the address, StockStatus=InStock,  Mobilenumber=, TC_ID=TC_06, Functionality=deleteAddressInMyOrders, FullName=, AddressAlias=, ProductItem=LeEco Le 2 Anti-Blue Light Screen Protector, Pincode=, Password=Qwerty2305}</td></tr></table><p class="totop"><a href="#summary">back to summary</a></p><h3 id="m22">com.in.testScripts.AddressScenario#editAddressInCheckOutPage</h3><table class="result"><tr class="param"><th>Parameter #1</th></tr><tr class="param stripe"><td>{UserName=Leecotestemail@gmail.com, AccountID=Leecotestemail, Email=aaryaden@le.com, TestScenario=Edit_Existing_Address_In_CheckOut_Page, AddressLine=2nd main, RunStatus=Y, Product=Accessories, Run=1, TestDescription=This test is to edit the existing address checkout page, StockStatus=InStock,  Mobilenumber=8095677755, TC_ID=TC_04, Functionality=editAddressInCheckOutPage, FullName=Test_Order11, AddressAlias=home, ProductItem=LeEco Le 2 Anti-Blue Light Screen Protector, Pincode=560038, Password=Qwerty2305}</td></tr></table><p class="totop"><a href="#summary">back to summary</a></p><h3 id="m23">com.in.testScripts.DeliveryEstimationClass#deliveryEstimationChangePincode</h3><table class="result"><tr class="param"><th>Parameter #1</th></tr><tr class="param stripe"><td>{UserName=Leecotestemail@gmail.com, AccountID=Leecotestemail, TestScenario=Delivery_Estimation_check_Change_Pincode, RunStatus=Y, Product=TV, Quantity=, Run=1, TestDescription=This test is to validate the Delivery estimation message when valid pincode is given, StockStatus=InStock, TC_ID=TC_14, Functionality=deliveryEstimationChangePincode, ChangePincode=560100, ProductItem=Super3 X55, Pincode=123456, Password=Qwerty2305}</td></tr></table><p class="totop"><a href="#summary">back to summary</a></p><h3 id="m24">com.in.testScripts.DeliveryEstimationClass#deliveryEstimationChangePincode</h3><table class="result"><tr class="param"><th>Parameter #1</th></tr><tr class="param stripe"><td>{UserName=Leecotestemail@gmail.com, AccountID=Leecotestemail, TestScenario=Delivery_Estimation_check_Change_Pincode, RunStatus=Y, Product=TV, Quantity=, Run=2, TestDescription=This test is to validate the Delivery estimation message when valid pincode is given, StockStatus=InStock, TC_ID=TC_14, Functionality=deliveryEstimationChangePincode, ChangePincode=654321, ProductItem=Super3 X55, Pincode=123456, Password=Qwerty2305}</td></tr></table><p class="totop"><a href="#summary">back to summary</a></p><h3 id="m25">com.in.testScripts.DeliveryEstimationClass#deliveryEstimationPincode</h3><table class="result"><tr class="param"><th>Parameter #1</th></tr><tr class="param stripe"><td>{UserName=Leecotestemail@gmail.com, AccountID=Leecotestemail, TestScenario=Delivery_Estimation_check_Valid&amp;Invalid_Pincode, RunStatus=Y, Product=TV, Quantity=, Run=3, TestDescription=This test is to validate the Delivery estimation message when valid pincode is given, StockStatus=InStock, TC_ID=TC_13, Functionality=deliveryEstimationPincode, ChangePincode=, ProductItem=Super3 X55, Pincode=1234, Password=Qwerty2305}</td></tr></table><p class="totop"><a href="#summary">back to summary</a></p><h3 id="m26">com.in.testScripts.DeliveryEstimationClass#deliveryEstimationPincode</h3><table class="result"><tr class="param"><th>Parameter #1</th></tr><tr class="param stripe"><td>{UserName=Leecotestemail@gmail.com, AccountID=Leecotestemail, TestScenario=Delivery_Estimation_check_Valid&amp;Invalid_Pincode, RunStatus=Y, Product=TV, Quantity=, Run=1, TestDescription=This test is to validate the Delivery estimation message when valid and invalid pincode is given, StockStatus=InStock, TC_ID=TC_13, Functionality=deliveryEstimationPincode, ChangePincode=, ProductItem=Super3 X55, Pincode=560100, Password=Qwerty2305}</td></tr></table><p class="totop"><a href="#summary">back to summary</a></p><h3 id="m27">com.in.testScripts.DeliveryEstimationClass#deliveryEstimationPincode</h3><table class="result"><tr class="param"><th>Parameter #1</th></tr><tr class="param stripe"><td>{UserName=Leecotestemail@gmail.com, AccountID=Leecotestemail, TestScenario=Delivery_Estimation_check_Valid&amp;Invalid_Pincode, RunStatus=Y, Product=TV, Quantity=, Run=2, TestDescription=This test is to validate the Delivery estimation message when valid pincode is given, StockStatus=InStock, TC_ID=TC_13, Functionality=deliveryEstimationPincode, ChangePincode=, ProductItem=Super3 X55, Pincode=123456, Password=Qwerty2305}</td></tr></table><p class="totop"><a href="#summary">back to summary</a></p></body></html>